{
  "RSpec": {
    "coverage": {
      "/Users/dichenli/Documents/course materials/CIT 597/HW3/HW2_part2.rb": [
        1,
        1,
        1,
        null,
        1,
        1,
        null,
        null,
        null,
        null,
        null,
        1,
        null,
        null,
        null,
        null,
        null,
        null,
        null,
        null,
        null,
        null,
        null,
        null,
        null,
        1,
        1,
        1,
        1,
        null,
        null,
        1,
        1,
        1,
        null,
        null,
        null,
        1,
        null,
        null,
        null,
        null,
        null,
        null,
        null,
        null,
        null,
        null,
        null,
        null,
        null,
        null,
        null,
        null,
        1,
        315,
        315,
        315,
        315,
        315,
        315,
        315,
        315,
        315,
        315,
        315,
        315,
        315,
        315,
        315,
        315,
        315,
        315,
        315,
        315,
        315,
        315,
        315,
        315,
        null,
        null,
        null,
        null,
        null,
        null,
        315,
        137834,
        null,
        315,
        null,
        null,
        null,
        null,
        1,
        3,
        null,
        null,
        1,
        4424,
        null,
        null,
        1,
        null,
        null,
        null,
        null,
        5569,
        4108,
        4108,
        1619098,
        1619098,
        null,
        null,
        null,
        null,
        null,
        1,
        null,
        561509,
        561509,
        null,
        null,
        null,
        1,
        null,
        null,
        7066,
        7066,
        6750,
        6458,
        6142,
        5798,
        5544,
        3211,
        2937,
        2622,
        2082,
        882,
        296,
        null,
        null,
        0,
        null,
        null,
        1,
        null,
        null,
        316,
        316,
        940,
        2681,
        316,
        316,
        null,
        null,
        null,
        null,
        null,
        1,
        null,
        null,
        296,
        null,
        null,
        null,
        null,
        1,
        null,
        292,
        292,
        5256,
        483,
        null,
        null,
        null,
        null,
        null,
        1,
        null,
        316,
        316,
        316,
        316,
        316,
        316,
        null,
        null,
        null,
        null,
        1,
        null,
        344,
        344,
        null,
        308,
        null,
        null,
        null,
        1,
        254,
        254,
        254,
        null,
        254,
        254,
        1270,
        null,
        null,
        null,
        null,
        1,
        null,
        1200,
        1200,
        1188,
        1188,
        1188,
        592,
        null,
        590,
        null,
        1188,
        null,
        null,
        1,
        586,
        586,
        288,
        null,
        586,
        287,
        287,
        287,
        287,
        null,
        287,
        null,
        299,
        299,
        null,
        299,
        null,
        null,
        1,
        null,
        2333,
        14,
        14,
        null,
        2319,
        101,
        null,
        101,
        null,
        null,
        null,
        0,
        null,
        127730,
        null,
        2204,
        null,
        2319,
        null,
        null,
        1,
        null,
        274,
        274,
        30,
        30,
        null,
        244,
        244,
        null,
        274,
        0,
        null,
        null,
        1,
        null,
        null,
        315,
        45,
        null,
        270,
        null,
        315,
        315,
        314,
        null,
        null,
        null,
        null,
        null,
        1,
        null,
        540,
        224,
        null,
        null,
        316,
        null,
        316,
        null,
        null,
        316,
        0,
        null,
        null,
        1,
        null,
        524,
        null,
        null,
        519,
        null,
        null,
        1,
        null,
        1044,
        1044,
        1044,
        1044,
        822,
        821,
        null,
        null,
        1,
        null,
        65,
        64,
        64,
        95,
        74,
        null,
        43,
        null,
        null,
        1,
        263,
        45,
        45,
        null,
        263,
        218,
        null,
        218,
        null,
        null,
        null,
        null,
        null,
        1,
        null,
        1,
        1,
        1,
        1,
        1,
        1,
        268,
        268,
        260,
        null,
        null,
        null,
        null,
        null,
        1,
        12,
        11,
        11,
        null,
        null,
        1,
        null,
        3,
        2,
        null,
        null,
        2,
        2,
        1,
        1,
        260,
        20,
        null,
        null,
        21,
        null,
        null,
        1,
        2,
        null,
        261,
        260,
        62,
        62,
        61,
        null,
        1,
        1,
        null,
        0,
        null,
        null,
        null,
        1,
        null,
        null,
        2,
        null,
        2,
        10,
        2,
        1,
        260,
        40,
        1,
        null,
        null,
        1,
        null,
        3,
        2,
        522,
        105,
        2,
        null,
        null,
        1,
        null,
        2,
        261,
        1489,
        null,
        1,
        1,
        null,
        null,
        1,
        null,
        null,
        3,
        null,
        3,
        2,
        2,
        null,
        2,
        2,
        null,
        2,
        520,
        null,
        2,
        null,
        null,
        1,
        null,
        3,
        2,
        2,
        308,
        1,
        1,
        null,
        null,
        2,
        1,
        260,
        1752,
        1,
        null,
        11,
        11,
        null,
        1,
        null,
        null,
        1,
        null,
        3,
        2,
        2,
        549,
        null,
        null,
        1,
        264,
        null,
        null,
        1,
        null,
        3,
        null,
        130322,
        null,
        null,
        null,
        522,
        464,
        null,
        130322,
        null,
        2,
        129238,
        129238,
        null,
        360,
        null,
        259922,
        null,
        null,
        null,
        2,
        130322,
        null,
        464,
        464,
        24,
        null,
        2,
        null,
        null,
        1,
        null,
        11,
        11,
        0,
        0,
        11,
        5,
        5,
        6,
        0,
        0,
        6,
        5,
        5,
        null,
        1,
        null,
        null,
        null,
        null,
        null
      ]
    },
    "timestamp": 1417406204
  }
}
